{
  "RSpec": {
    "coverage": {
      "/Users/johnhayes-reed/gitlab/rinkai-homepage/app/models/administrator.rb": [
        null,
        null,
        null,
        1,
        1,
        null,
        null
      ],
      "/Users/johnhayes-reed/gitlab/rinkai-homepage/app/models/application_record.rb": [
        null,
        null,
        null,
        1,
        1,
        null
      ],
      "/Users/johnhayes-reed/gitlab/rinkai-homepage/app/helpers/admin/construction_records_helper.rb": [
        null,
        null,
        1,
        null,
        1,
        null,
        null
      ],
      "/Users/johnhayes-reed/gitlab/rinkai-homepage/app/helpers/application_helper.rb": [
        null,
        null,
        null,
        1,
        null
      ],
      "/Users/johnhayes-reed/gitlab/rinkai-homepage/app/helpers/construction_records_helper.rb": [
        null,
        null,
        null,
        1,
        1,
        0,
        0,
        0,
        null,
        null,
        null,
        null,
        1,
        0,
        0,
        0,
        0,
        null,
        null,
        null
      ],
      "/Users/johnhayes-reed/gitlab/rinkai-homepage/app/helpers/historical_records_helper.rb": [
        null,
        null,
        null,
        1,
        null
      ],
      "/Users/johnhayes-reed/gitlab/rinkai-homepage/app/helpers/home_helper.rb": [
        null,
        null,
        null,
        1,
        null
      ],
      "/Users/johnhayes-reed/gitlab/rinkai-homepage/app/helpers/vehicles_helper.rb": [
        null,
        null,
        null,
        1,
        null
      ],
      "/Users/johnhayes-reed/gitlab/rinkai-homepage/app/models/global_app_information.rb": [
        null,
        null,
        null,
        null,
        1,
        1,
        null
      ]
    },
    "timestamp": 1540020824
  }
}
