{
  "RSpec": {
    "coverage": {
      "/home/john/projects/rinkai-homepage/app/models/administrator.rb": [
        1,
        1,
        null,
        null
      ],
      "/home/john/projects/rinkai-homepage/app/models/application_record.rb": [
        null,
        null,
        null,
        1,
        1,
        null
      ],
      "/home/john/projects/rinkai-homepage/app/helpers/admin/construction_records_helper.rb": [
        null,
        null,
        1,
        null,
        1,
        null,
        null
      ],
      "/home/john/projects/rinkai-homepage/app/helpers/application_helper.rb": [
        null,
        null,
        null,
        1,
        null
      ],
      "/home/john/projects/rinkai-homepage/app/helpers/construction_records_helper.rb": [
        null,
        null,
        null,
        1,
        null
      ],
      "/home/john/projects/rinkai-homepage/app/helpers/home_helper.rb": [
        null,
        null,
        null,
        1,
        null
      ],
      "/home/john/projects/rinkai-homepage/app/helpers/vehicles_helper.rb": [
        null,
        null,
        null,
        1,
        null
      ],
      "/home/john/projects/rinkai-homepage/app/controllers/admin/construction_records_controller.rb": [
        null,
        null,
        1,
        null,
        1,
        1,
        null,
        1,
        null,
        null,
        null,
        null,
        1,
        1,
        null,
        null,
        null,
        null,
        1,
        null,
        null,
        1,
        1,
        null,
        null,
        null,
        1,
        null,
        null,
        null,
        1,
        3,
        null,
        3,
        2,
        null,
        null,
        1,
        null,
        null,
        null,
        null,
        null,
        1,
        3,
        2,
        null,
        null,
        1,
        null,
        null,
        null,
        null,
        null,
        1,
        2,
        2,
        null,
        null,
        null,
        1,
        null,
        null,
        1,
        7,
        null,
        null,
        null,
        1,
        null,
        6,
        null,
        null,
        null,
        null,
        null,
        null,
        null,
        null
      ],
      "/home/john/projects/rinkai-homepage/app/controllers/application_controller.rb": [
        null,
        null,
        null,
        1,
        1,
        null
      ],
      "/home/john/projects/rinkai-homepage/app/controllers/admin/vehicles_controller.rb": [
        null,
        null,
        1,
        null,
        1,
        1,
        1,
        null,
        null,
        null,
        1,
        1,
        null,
        null,
        null,
        null,
        1,
        null,
        null,
        1,
        1,
        null,
        null,
        null,
        1,
        null,
        null,
        null,
        1,
        3,
        3,
        2,
        null,
        null,
        1,
        null,
        null,
        null,
        null,
        null,
        1,
        2,
        1,
        null,
        null,
        1,
        null,
        null,
        null,
        null,
        null,
        1,
        2,
        2,
        null,
        null,
        null,
        1,
        null,
        null,
        1,
        6,
        null,
        null,
        1,
        5,
        null,
        null,
        null
      ],
      "/home/john/projects/rinkai-homepage/app/controllers/construction_records_controller.rb": [
        null,
        null,
        null,
        1,
        1,
        1,
        null,
        null
      ],
      "/home/john/projects/rinkai-homepage/app/controllers/home_controller.rb": [
        null,
        null,
        null,
        1,
        1,
        null
      ],
      "/home/john/projects/rinkai-homepage/app/controllers/vehicles_controller.rb": [
        null,
        null,
        null,
        1,
        1,
        1,
        null,
        null
      ],
      "/home/john/projects/rinkai-homepage/app/models/construction_record.rb": [
        null,
        null,
        null,
        null,
        1,
        1,
        1,
        1,
        1,
        1,
        1,
        1,
        null,
        null
      ],
      "/home/john/projects/rinkai-homepage/app/models/vehicle.rb": [
        null,
        null,
        null,
        1,
        1,
        1,
        1,
        null,
        null
      ]
    },
    "timestamp": 1521710451
  }
}
